2020/07/30 10:35:12 [emerg] 18#18: open() "/etc/nginx/sites-enabled/al3jandro" failed (2: No such file or directory) in /etc/nginx/nginx.conf:62
2020/07/30 10:35:38 [emerg] 18#18: open() "/etc/nginx/sites-enabled/al3jandro" failed (2: No such file or directory) in /etc/nginx/nginx.conf:62
2020/07/30 10:37:22 [emerg] 18#18: open() "/etc/nginx/sites-enabled/default" failed (2: No such file or directory) in /etc/nginx/nginx.conf:62
2020/07/30 10:37:41 [emerg] 18#18: open() "/etc/nginx/sites-enabled/default" failed (2: No such file or directory) in /etc/nginx/nginx.conf:62
2020/07/30 10:40:36 [emerg] 18#18: open() "/etc/nginx/sites-enabled/cmando" failed (2: No such file or directory) in /etc/nginx/nginx.conf:62
2020/07/30 10:40:46 [emerg] 19#19: open() "/etc/nginx/sites-enabled/cmando" failed (2: No such file or directory) in /etc/nginx/nginx.conf:62
2020/07/30 10:42:20 [emerg] 18#18: open() "/etc/nginx/sites-enabled/cmando" failed (2: No such file or directory) in /etc/nginx/nginx.conf:62
2020/07/30 10:42:35 [emerg] 18#18: open() "/etc/nginx/sites-enabled/cmando" failed (2: No such file or directory) in /etc/nginx/nginx.conf:62
2020/07/30 10:45:58 [emerg] 18#18: open() "/etc/nginx/sites-enabled/cmando" failed (2: No such file or directory) in /etc/nginx/nginx.conf:62
2020/07/30 10:46:07 [emerg] 18#18: open() "/etc/nginx/sites-enabled/cmando" failed (2: No such file or directory) in /etc/nginx/nginx.conf:62
2020/07/30 10:46:47 [emerg] 18#18: open() "/etc/nginx/sites-enabled/cmando" failed (2: No such file or directory) in /etc/nginx/nginx.conf:62
2020/07/30 10:47:01 [emerg] 18#18: open() "/etc/nginx/sites-enabled/cmando" failed (2: No such file or directory) in /etc/nginx/nginx.conf:62
2020/07/30 10:47:53 [emerg] 18#18: duplicate listen options for [::]:80 in /etc/nginx/sites-enabled/cmando.conf:3
2020/07/30 10:48:01 [emerg] 18#18: duplicate listen options for [::]:80 in /etc/nginx/sites-enabled/cmando.conf:3
2020/07/30 10:51:54 [emerg] 19#19: host not found in upstream "php_fpm7" in /etc/nginx/conf.d/default.conf:30
2020/07/30 10:52:13 [emerg] 18#18: host not found in upstream "php_fpm7" in /etc/nginx/conf.d/default.conf:30
2020/07/30 10:54:23 [warn] 18#18: conflicting server name "_" on 0.0.0.0:80, ignored
2020/07/30 10:54:23 [warn] 18#18: conflicting server name "_" on [::]:80, ignored
2020/07/30 10:55:38 [warn] 18#18: conflicting server name "_" on 0.0.0.0:80, ignored
2020/07/30 10:55:38 [warn] 18#18: conflicting server name "_" on [::]:80, ignored
2020/07/30 10:58:15 [warn] 18#18: conflicting server name "_" on 0.0.0.0:80, ignored
2020/07/30 10:58:15 [warn] 18#18: conflicting server name "_" on [::]:80, ignored
2020/07/30 11:02:13 [emerg] 18#18: duplicate listen options for [::]:80 in /etc/nginx/sites-enabled/cmando.conf:3
2020/07/30 11:02:34 [emerg] 18#18: duplicate listen options for [::]:80 in /etc/nginx/sites-enabled/cmando.conf:3
2020/07/30 11:03:02 [emerg] 18#18: open() "/etc/nginx/sites-enabled/default" failed (2: No such file or directory) in /etc/nginx/nginx.conf:62
2020/07/30 11:03:11 [emerg] 19#19: open() "/etc/nginx/sites-enabled/default" failed (2: No such file or directory) in /etc/nginx/nginx.conf:62
